d:\hacking\hypervisor\hypervisor from scratch\myhypervisordriver\x64\debug\asmept.obj
d:\hacking\hypervisor\hypervisor from scratch\myhypervisordriver\x64\debug\asmcommon.obj
d:\hacking\hypervisor\hypervisor from scratch\myhypervisordriver\x64\debug\asmsegmentregs.obj
d:\hacking\hypervisor\hypervisor from scratch\myhypervisordriver\x64\debug\asmvmexithandler.obj
d:\hacking\hypervisor\hypervisor from scratch\myhypervisordriver\x64\debug\asmvmxoperation.obj
d:\hacking\hypervisor\hypervisor from scratch\myhypervisordriver\x64\debug\asmvmxcontextstate.obj
d:\hacking\hypervisor\hypervisor from scratch\myhypervisordriver\x64\debug\vc143.pdb
d:\hacking\hypervisor\hypervisor from scratch\myhypervisordriver\x64\debug\ept.nativecodeanalysis.xml
d:\hacking\hypervisor\hypervisor from scratch\myhypervisordriver\x64\debug\events.nativecodeanalysis.xml
d:\hacking\hypervisor\hypervisor from scratch\myhypervisordriver\x64\debug\exit.nativecodeanalysis.xml
d:\hacking\hypervisor\hypervisor from scratch\myhypervisordriver\x64\debug\hiddenhooks.nativecodeanalysis.xml
d:\hacking\hypervisor\hypervisor from scratch\myhypervisordriver\x64\debug\hypervisorroutines.nativecodeanalysis.xml
d:\hacking\hypervisor\hypervisor from scratch\myhypervisordriver\x64\debug\invept.nativecodeanalysis.xml
d:\hacking\hypervisor\hypervisor from scratch\myhypervisordriver\x64\debug\logging.nativecodeanalysis.xml
d:\hacking\hypervisor\hypervisor from scratch\myhypervisordriver\x64\debug\poolmanager.nativecodeanalysis.xml
d:\hacking\hypervisor\hypervisor from scratch\myhypervisordriver\x64\debug\spinlock.nativecodeanalysis.xml
d:\hacking\hypervisor\hypervisor from scratch\myhypervisordriver\x64\debug\syscallhook.nativecodeanalysis.xml
d:\hacking\hypervisor\hypervisor from scratch\myhypervisordriver\x64\debug\vmxregions.nativecodeanalysis.xml
d:\hacking\hypervisor\hypervisor from scratch\myhypervisordriver\x64\debug\driver.nativecodeanalysis.xml
d:\hacking\hypervisor\hypervisor from scratch\myhypervisordriver\x64\debug\common.nativecodeanalysis.xml
d:\hacking\hypervisor\hypervisor from scratch\myhypervisordriver\x64\debug\vmcall.nativecodeanalysis.xml
d:\hacking\hypervisor\hypervisor from scratch\myhypervisordriver\x64\debug\vmx.nativecodeanalysis.xml
d:\hacking\hypervisor\hypervisor from scratch\myhypervisordriver\x64\debug\vpid.nativecodeanalysis.xml
d:\hacking\hypervisor\hypervisor from scratch\myhypervisordriver\x64\debug\vpid.obj
d:\hacking\hypervisor\hypervisor from scratch\myhypervisordriver\x64\debug\vmx.obj
d:\hacking\hypervisor\hypervisor from scratch\myhypervisordriver\x64\debug\vmcall.obj
d:\hacking\hypervisor\hypervisor from scratch\myhypervisordriver\x64\debug\common.obj
d:\hacking\hypervisor\hypervisor from scratch\myhypervisordriver\x64\debug\driver.obj
d:\hacking\hypervisor\hypervisor from scratch\myhypervisordriver\x64\debug\vmxregions.obj
d:\hacking\hypervisor\hypervisor from scratch\myhypervisordriver\x64\debug\syscallhook.obj
d:\hacking\hypervisor\hypervisor from scratch\myhypervisordriver\x64\debug\spinlock.obj
d:\hacking\hypervisor\hypervisor from scratch\myhypervisordriver\x64\debug\poolmanager.obj
d:\hacking\hypervisor\hypervisor from scratch\myhypervisordriver\x64\debug\logging.obj
d:\hacking\hypervisor\hypervisor from scratch\myhypervisordriver\x64\debug\invept.obj
d:\hacking\hypervisor\hypervisor from scratch\myhypervisordriver\x64\debug\hypervisorroutines.obj
d:\hacking\hypervisor\hypervisor from scratch\myhypervisordriver\x64\debug\hiddenhooks.obj
d:\hacking\hypervisor\hypervisor from scratch\myhypervisordriver\x64\debug\exit.obj
d:\hacking\hypervisor\hypervisor from scratch\myhypervisordriver\x64\debug\events.obj
d:\hacking\hypervisor\hypervisor from scratch\myhypervisordriver\x64\debug\ept.obj
d:\hacking\hypervisor\hypervisor-from-scratch-master\part 8 - how to do magic with hypervisor!\hypervisor from scratch\build\debug\driver\myhypervisordriver.sys
d:\hacking\hypervisor\hypervisor-from-scratch-master\part 8 - how to do magic with hypervisor!\hypervisor from scratch\build\debug\driver\myhypervisordriver.pdb
d:\hacking\hypervisor\hypervisor from scratch\build\debug\driver\myhypervisordriver.sys
d:\hacking\hypervisor\hypervisor from scratch\build\debug\driver\myhypervisordriver.pdb
d:\hacking\hypervisor\hypervisor from scratch\\build\debug\driver\myhypervisordriver.pdb
d:\hacking\hypervisor\hypervisor from scratch\myhypervisordriver\x64\debug\myhyperv.bb17323a.tlog\masm.read.1u.tlog
d:\hacking\hypervisor\hypervisor from scratch\myhypervisordriver\x64\debug\myhyperv.bb17323a.tlog\masm.write.1u.tlog
d:\hacking\hypervisor\hypervisor from scratch\myhypervisordriver\x64\debug\myhyperv.bb17323a.tlog\cl.command.1.tlog
d:\hacking\hypervisor\hypervisor from scratch\myhypervisordriver\x64\debug\myhyperv.bb17323a.tlog\cl.read.1.tlog
d:\hacking\hypervisor\hypervisor from scratch\myhypervisordriver\x64\debug\myhyperv.bb17323a.tlog\cl.write.1.tlog
d:\hacking\hypervisor\hypervisor from scratch\myhypervisordriver\x64\debug\myhyperv.bb17323a.tlog\link.read.3.tlog
d:\hacking\hypervisor\hypervisor from scratch\myhypervisordriver\x64\debug\myhyperv.bb17323a.tlog\link.write.1.tlog
d:\hacking\hypervisor\hypervisor from scratch\myhypervisordriver\x64\debug\myhyperv.bb17323a.tlog\link.secondary.1.tlog
d:\hacking\hypervisor\hypervisor from scratch\myhypervisordriver\x64\debug\myhyperv.bb17323a.tlog\link.command.1.tlog
d:\hacking\hypervisor\hypervisor from scratch\myhypervisordriver\x64\debug\myhyperv.bb17323a.tlog\cl.items.tlog
